
	            G L O B A L   R E F E R E N C E S

	             Name               Value        Type
	==============================|=======|===============
	CR                               000A         CONSTANT
	FIM_TEXTO                        0040         CONSTANT
	IO_READ                          FFFF         CONSTANT
	IO_WRITE                         FFFE         CONSTANT
	IO_STATUS                        FFFD         CONSTANT
	INITIAL_SP                       FDFF         CONSTANT
	CURSOR                           FFFC         CONSTANT
	CURSOR_INIT                      FFFF         CONSTANT
	ROW_POSITION                     0000         CONSTANT
	COL_POSITION                     0000         CONSTANT
	SHIFT_LEFT                       0008         CONSTANT
	STR_COLUMN                       0021         CONSTANT
	STR_LINE                         0003         CONSTANT
	ATIVAR_TEMP                      FFF7         CONSTANT
	CONF_TEMP                        FFF6         CONSTANT
	VAZIO                            0020         CONSTANT
	TIRO_NAVE                        005E         CONSTANT
	CARACTERES                       0051         CONSTANT
	RIGHT_BORDER                     004F         CONSTANT
	LEFT_BORDER                      0000         CONSTANT
	MAX_SCORE                        0339         CONSTANT
	PONTUACAO                        000F         CONSTANT
	LIMITE_BALA                      0004         CONSTANT
	BORDAS                           0023         CONSTANT
	ALIEN                            0058         CONSTANT
	ALIEN_LEFT_LIM                   0001         CONSTANT
	ALIEN_RIGHT_LIM                  004E         CONSTANT
	ALIEN_LINE_QNT                   0005         CONSTANT
	ALIEN_LINE                       0000         CONSTANT
	ALIEN_LINHA_LIM                  000F         CONSTANT
	ALIEN_RESET_Y                    0001         CONSTANT
	ALIEN_RESET_X                    000B         CONSTANT
	ALIEN_LINHA_INI                  0004         CONSTANT
	ALIEN_COL_INI                    001D         CONSTANT
	STOP_RIGHT_RESET                 001B         CONSTANT
	STOP_LEFT_RESET                  0033         CONSTANT
	QNT_SUM_ALIEN                    0004         CONSTANT
	TOTAL_LINE                       0018         CONSTANT
	SHIP_TAM_MOVE                    0007         CONSTANT
	LINE_SCORE_VIDA                  0001         CONSTANT
	COL_THIRD_LIFE                   004D         CONSTANT
	COL_SECOND_LIFE                  004B         CONSTANT
	COL_FIRST_LIFE                   0049         CONSTANT
	COL_THIRD_SCORE                  000D         CONSTANT
	COL_SEC_SCORE                    000C         CONSTANT
	COL_FIRST_SCORE                  000B         CONSTANT
	TABELA_ASCII                     0030         CONSTANT
	OFF                              0000         CONSTANT
	ON                               0001         CONSTANT
	LINE0                            8000           STRING
	LINE1                            8051           STRING
	LINE2                            80A2           STRING
	LINE3                            80F3           STRING
	LINE4                            8144           STRING
	LINE5                            8195           STRING
	LINE6                            81E6           STRING
	LINE7                            8237           STRING
	LINE8                            8288           STRING
	LINE9                            82D9           STRING
	LINE10                           832A           STRING
	LINE11                           837B           STRING
	LINE12                           83CC           STRING
	LINE13                           841D           STRING
	LINE14                           846E           STRING
	LINE15                           84BF           STRING
	LINE16                           8510           STRING
	LINE17                           8561           STRING
	LINE18                           85B2           STRING
	LINE19                           8603           STRING
	LINE20                           8654           STRING
	LINE21                           86A5           STRING
	LINE22                           86F6           STRING
	LINE23                           8747           STRING
	Ship                             8798           STRING
	Space                            879D           STRING
	Vida                             879F         VARIABLE
	Score                            87A0         VARIABLE
	AlienMovCtrlY                    87A1         VARIABLE
	AlienMovCFixo                    87A2         VARIABLE
	AlienMovCtrlX                    87A3         VARIABLE
	AlienStopLeft                    87A4         VARIABLE
	AlienStopRight                   87A5         VARIABLE
	AlienLineCtrl                    87A6         VARIABLE
	AlienDirection                   87A7         VARIABLE
	LinhaAlienAtual                  87A8         VARIABLE
	AlienReset_X                     87A9         VARIABLE
	AlienReset_Y                     87AA         VARIABLE
	WinStr                           87AB           STRING
	LoseStr                          87C6           STRING
	RowIndex                         87E1         VARIABLE
	ColumnIndex                      87E2         VARIABLE
	ShipLine                         87E3         VARIABLE
	ShipCol                          87E4         VARIABLE
	ShipBegin                        87E5         VARIABLE
	ShipEnd                          87E6         VARIABLE
	ShipLenght                       87E7         VARIABLE
	PrintLineArg                     87E8         VARIABLE
	ColunaBala                       87E9         VARIABLE
	LinhaBala                        87EA         VARIABLE
	BalaNaTela                       87EB         VARIABLE
	INT0                             FE00         VARIABLE
	INT1                             FE01         VARIABLE
	INT2                             FE02         VARIABLE
	INT15                            FE0F         VARIABLE
	Timer                            0002            LABEL
	Direita                          0015            LABEL
	ContTime                         0017            LABEL
	Fim_Timer                        0019            LABEL
	SetTimer                         001C            LABEL
	ResetaAlien                      0027            LABEL
	PrimeiroLoopResetaAlien          0034            LABEL
	SegundoLoopResetaAlien           006C            LABEL
	TerceiroLoopResetaAlien          007F            LABEL
	PreFim                           009C            LABEL
	FimResetaAlien                   00B6            LABEL
	SubLife                          00BC            LABEL
	SubThirdLife                     00CF            LABEL
	SubSecondLife                    00DD            LABEL
	SubFirstLife                     00EB            LABEL
	EndSubLife                       00FB            LABEL
	YouLose                          0104            LABEL
	LoopYouLoseStrPrint              010F            LABEL
	EndLose                          0120            LABEL
	MoveAlienBaixoL                  0126            LABEL
	MovimentoAlienBaixoL             013D            LABEL
	MovBaixoContinueL                016E            LABEL
	EndDownColumnL                   017D            LABEL
	EndLineMovDownL                  0198            LABEL
	FimMoveAlienBaixoL               01A9            LABEL
	MoveAlienBaixoR                  01AF            LABEL
	MovimentoAlienBaixoR             01CC            LABEL
	MovBaixoContinueR                01FD            LABEL
	EndDownColumnR                   020C            LABEL
	EndLineMovDownR                  0226            LABEL
	FimMoveAlienBaixoR               0237            LABEL
	MoveAlienEsquerda                023D            LABEL
	MoveEsquerda                     025D            LABEL
	MovimentoAlienEsquerda           0266            LABEL
	MovLeftContinue                  028C            LABEL
	EndLeftColumn                    029E            LABEL
	EndLineMovEsquerda               02BE            LABEL
	FimMoveAlienEsquerda             02D4            LABEL
	MoveAlienDireita                 02DA            LABEL
	MoveDireita                      02F9            LABEL
	MovimentoAlienDireita            0302            LABEL
	MovRightContinue                 0328            LABEL
	EndRightColumn                   033A            LABEL
	EndLineMovRight                  035A            LABEL
	FimMoveAlienDireita              0370            LABEL
	YouWin                           0376            LABEL
	LoopYouWinStrPrint               0381            LABEL
	EndWin                           0392            LABEL
	SumScore                         0398            LABEL
	ContinueScore                    03A6            LABEL
	FimScore                         03D7            LABEL
	MoveTiro                         03DD            LABEL
	ContinuarBala                    040F            LABEL
	AlienDetectado                   041C            LABEL
	FimMoveTiro                      0431            LABEL
	Atirar                           0438            LABEL
	FimAtirar                        0458            LABEL
	PrintMapLines                    045B            LABEL
	PrintMapLineV2                   0463            LABEL
	PrintAllLineCharactersLoop       0467            LABEL
	EndPrintAllLineCharactersLoop    047C            LABEL
	EndPrintMapLines                 0488            LABEL
	MoveLeft                         048F            LABEL
	PrintSpaceLoopLeft               04A4            LABEL
	PrintShipLoopLeft                04D1            LABEL
	EndMoveLeft                      04E1            LABEL
	MoveRight                        04E7            LABEL
	PrintSpaceLoop                   04FB            LABEL
	PrintShipLoop                    0528            LABEL
	EndMoveRight                     0538            LABEL
	Main                             053E            LABEL
	Cycle                            054E            LABEL
	Halt                             054F            LABEL
